clone	push	retard	README.md                	Makefile                 	tp1.c                    	cp.txt                   	liste.sh                 	depot, etudiant et projet
-----	----	------	-------------------------	-------------------------	-------------------------	-------------------------	-------------------------	-------------------------
0	0	0	2020-02-08 13:13:01 -0500	2020-02-05 09:22:30 -0500	2020-02-08 13:02:40 -0500	2020-01-20 13:36:14 -0500	2020-02-05 09:22:30 -0500	github.com/JonPhno/inf3135-h2020-tp1
0	0	0	2020-02-08 11:19:08 -0500	2020-02-08 10:49:16 -0500	2020-02-08 10:37:29 -0500	2020-01-19 17:49:00 -0500	2020-01-24 15:28:22 -0500	github.com/julienbigras1/inf3135-h2020-tp1
0	1	0	2020-02-07 23:11:25 -0500	2020-02-07 22:32:15 -0500	2020-02-07 16:03:22 -0500	2020-01-19 20:24:58 -0500	2020-02-07 17:20:25 -0500	github.com/stephanie-moreau/inf3135-h2020-tp1
0	0	0	2020-02-07 21:48:39 -0500	2020-02-07 22:11:17 -0500	2020-02-07 22:16:24 -0500	2020-01-27 20:57:21 -0500	2020-02-08 12:58:16 -0500	github.com/Fadhel-Smari/inf3135-h2020-tp1
0	1	0	2020-01-29 10:02:37 -0500	2020-02-05 13:27:14 -0500	2020-01-29 15:13:54 -0500	2020-01-29 10:05:14 -0500	2020-01-29 15:13:54 -0500	github.com/riadsm/inf3135-h2020-tp1
1	0	0						github.com/kicak2009/inf3135-h2020-tp1
0	0	0	2020-02-06 18:38:35 -0500	2020-01-30 18:17:08 -0500	2020-01-30 18:17:08 -0500	2020-01-23 13:54:26 -0500	2020-01-28 12:45:42 -0500	github.com/kegosu/inf3135-h2020-tp1
0	1	0	2020-02-05 13:47:38 -0500		2020-02-05 13:33:50 -0500	2020-01-28 11:39:33 -0500	2020-02-05 13:25:44 -0500	github.com/lisacsn/inf3135-h2020-tp1
0	0	0	2020-02-07 18:22:15 -0500	2020-02-07 17:11:28 -0500	2020-02-07 12:35:11 -0500	2020-02-07 12:35:11 -0500	2020-02-07 12:35:11 -0500	github.com/matcartier/inf3135-h2020-tp1
0	0	0		2020-02-04 02:37:32 -0500	2020-02-04 02:37:32 -0500	2020-01-30 00:26:01 -0500	2020-01-30 00:26:01 -0500	github.com/link852258/inf3135-h2020-tp1
0	0	0	2020-02-08 04:14:33 -0500	2020-01-30 14:18:37 -0500	2020-01-30 18:30:02 -0500	2020-01-30 09:45:33 -0500	2020-01-30 18:30:02 -0500	github.com/Adeeli/inf3135-h2020-tp1
0	0	0	2020-02-07 20:21:32 -0500	2020-02-05 20:16:49 -0500	2020-02-07 15:16:37 -0500	2020-01-31 11:43:11 -0500	2020-02-05 18:54:26 -0500	github.com/LorenaMedina/inf3135-h2020-tp1
0	0	0	2020-02-08 19:31:41 -0500	2020-02-07 17:26:39 -0500	2020-01-31 23:02:42 -0500	2020-01-30 18:52:11 -0500	2020-02-06 17:10:53 -0500	github.com/Fateh2021/inf3135-h2020-tp1
0	0	0	2020-02-08 16:53:15 -0500	2020-02-08 14:53:37 -0500		2020-02-02 18:36:25 -0500	2020-02-08 14:53:37 -0500	github.com/benoit-dubreuil/inf3135-h2020-tp1
0	0	0	2020-02-05 19:21:35 -0500	2020-01-29 18:03:45 -0500	2020-02-05 18:06:48 -0500	2020-01-29 19:58:31 -0500	2020-01-30 10:13:29 -0500	github.com/Denowrrz/inf3135-h2020-tp1
0	0	0	2020-02-08 16:39:41 -0500	2020-02-07 23:48:49 -0500	2020-02-08 16:41:41 -0500	2020-01-26 19:49:32 -0500	2020-02-08 16:40:52 -0500	github.com/anne-marie-cn/inf3135-h2020-tp1
0	0	0	2020-02-08 20:34:56 -0500	2020-02-08 20:25:12 -0500	2020-01-30 15:57:28 -0500	2020-01-27 17:10:43 -0500	2020-02-03 16:24:45 -0500	github.com/TringaAxel/inf3135-h2020-tp1
0	0	0	2020-02-08 17:13:39 -0500	2020-02-04 14:05:13 -0500	2020-02-04 14:05:13 -0500	2020-02-04 14:05:13 -0500	2020-02-04 14:05:13 -0500	github.com/issafecail/inf3135-h2020-tp1
0	0	0	2020-02-05 22:00:26 -0500	2020-02-05 22:00:26 -0500	2020-02-08 16:20:26 -0500	2020-02-04 16:35:16 -0500	2020-02-04 16:04:05 -0500	github.com/AlexandreBillereau/inf3135-h2020-tp1
0	0	0	2020-02-08 15:07:31 -0500	2020-01-30 11:02:55 -0500	2020-01-30 11:02:55 -0500	2020-01-21 11:12:42 -0500	2020-01-29 14:55:54 -0500	github.com/brazhia-d/inf3135-h2020-tp1
0	0	0	2020-01-31 12:11:54 -0500	2020-02-06 11:32:56 -0500	2020-02-06 12:28:36 -0500	2020-01-27 13:45:33 -0500	2020-01-27 13:33:09 -0500	github.com/jasonphom/inf3135-h2020-tp1
0	0	0	2020-02-07 23:04:41 -0500	2020-02-07 22:57:45 -0500	2020-02-07 21:42:14 -0500	2020-02-07 05:09:53 -0500	2020-02-07 21:42:14 -0500	github.com/elaelheni/inf3135-h2020-tp1
0	0	0	2020-02-08 20:49:58 -0500	2020-02-08 16:41:53 -0500	2020-02-08 16:39:00 -0500	2020-02-08 18:46:20 -0500	2020-02-08 20:40:56 -0500	github.com/fialiayoub/inf3135-h2020-tp1
0	0	0	2020-02-08 13:22:14 -0600	2020-02-07 10:10:51 -0500	2020-02-07 11:14:38 -0500	2020-02-02 15:41:53 -0500	2020-02-02 13:16:36 -0500	github.com/Marie287/inf3135-h2020-tp1
0	0	0	2020-02-08 21:14:22 -0500	2020-02-03 21:29:18 -0500	2020-02-04 14:15:46 -0500	2020-02-03 13:50:24 -0500	2020-02-03 13:00:39 -0500	github.com/phsoucy/inf3135-h2020-tp1
0	0	0	2020-02-08 16:16:43 -0500	2020-02-08 16:47:09 -0500	2020-02-08 16:47:09 -0500	2020-02-04 12:11:43 -0500	2020-02-08 16:47:09 -0500	github.com/JanVillapaz/inf3135-h2020-tp1
0	0	0	2020-02-07 13:16:19 -0500	2020-02-07 12:06:18 -0500	2020-02-07 12:05:18 -0500	2020-01-31 11:57:43 -0500	2020-02-04 13:08:04 -0500	github.com/MyriamOa/inf3135-h2020-tp1
0	0	0	2020-02-06 10:54:09 -0500	2020-02-06 09:41:25 -0500	2020-02-04 15:36:07 -0500	2020-02-06 10:33:23 -0500	2020-02-06 09:41:25 -0500	github.com/alexandregagnon/inf3135-h2020-tp1
0	0	0	2020-02-06 02:17:23 -0500	2020-02-07 11:49:03 -0500	2020-02-07 18:22:59 -0500	2020-01-27 02:43:29 -0500	2020-02-07 11:49:19 -0500	github.com/bachmaroua/inf3135-h2020-tp1
0	0	0	2020-01-20 12:47:06 -0500					github.com/AGasconAfriat/inf3135-h2020-tp1
1	0	0						github.com/SahnounAbdelaziz/inf3135-h2020-tp1
0	0	0	2020-02-08 14:24:59 -0500	2020-02-08 14:17:18 -0500	2020-02-08 14:17:18 -0500	2020-02-07 14:52:07 -0500	2020-02-07 14:52:07 -0500	github.com/YounesJulien/inf3135-h2020-tp1
0	0	0	2020-01-22 10:09:37 -0500	2020-02-03 15:44:40 -0500	2020-01-27 16:06:57 -0500	2020-01-21 20:27:36 -0500	2020-02-03 16:21:49 -0500	github.com/Alexisbou/inf3135-h2020-tp1
0	0	0	2020-01-29 17:59:39 -0500	2020-02-03 17:49:02 -0500	2020-02-06 06:20:27 -0500	2020-01-27 19:22:35 -0500	2020-02-03 10:16:33 -0500	github.com/GholamiMahmood/inf3135-h2020-tp1
0	0	0	2020-01-27 20:15:34 -0500	2020-02-03 17:49:33 -0500	2020-02-05 19:19:17 -0500	2020-01-24 17:31:15 -0500	2020-02-03 17:12:07 -0500	github.com/cryptoswarm/inf3135-h2020-tp1
0	1	0		2020-02-08 22:37:04 -0500	2020-02-08 00:54:24 -0500	2020-02-04 16:58:43 -0500	2020-02-05 13:52:59 -0500	github.com/AdelOuldzeid/inf3135-h2020-tp1
0	0	0	2020-02-08 04:44:32 -0500	2020-02-08 15:36:31 -0500	2020-02-07 19:07:00 -0500	2020-02-07 19:07:00 -0500	2020-02-08 05:22:48 -0500	github.com/assilg/inf3135-h2020-tp1
1	0	0						github.com/MahmoudAlBakkar/inf3135-h2020-tp1
0	0	0	2020-02-07 18:26:17 -0500	2020-02-08 13:45:43 -0500	2020-02-07 18:26:17 -0500	2020-02-07 18:26:17 -0500	2020-02-07 18:26:17 -0500	github.com/YounanGeorges1998/inf3135-h2020-tp1
0	0	0	2020-02-07 18:13:36 -0500	2020-02-08 19:37:52 -0500	2020-02-08 19:37:52 -0500	2020-02-07 17:21:28 -0500	2020-02-08 19:37:52 -0500	github.com/myrsma/inf3135-h2020-tp1
0	1	0	2020-02-08 10:16:49 -0500	2020-02-06 13:52:00 -0500	2020-02-06 10:58:42 -0500	2020-02-06 08:10:26 -0500		github.com/danielrosca977/inf3135-h2020-tp1
0	0	0	2020-02-07 15:47:45 -0500	2020-02-07 13:29:59 -0500	2020-02-07 13:29:59 -0500	2020-02-07 11:41:59 -0500		github.com/ahmadFara123/inf3135-h2020-tp1
0	0	0	2020-02-07 21:17:57 -0500	2020-02-07 20:28:40 -0500	2020-02-07 19:49:02 -0500	2020-02-08 18:50:51 -0500	2020-02-07 20:19:50 -0500	github.com/FrancoisHUP/inf3135-h2020-tp1
0	0	0	2020-02-07 19:04:22 -0500	2020-02-07 19:18:40 -0500	2020-02-07 18:38:54 -0500	2020-02-07 18:26:47 -0500	2020-02-07 18:44:45 -0500	github.com/RmannDev/inf3135-h2020-tp1
0	0	0	2020-01-31 09:42:52 -0500	2020-02-08 20:45:38 -0500	2020-02-08 21:39:14 -0500			github.com/alexacl21/inf3135-h2020-tp1
0	0	0	2020-02-06 00:42:45 -0500	2020-02-05 23:59:06 -0500	2020-02-07 16:57:22 -0500	2020-02-05 21:46:31 -0500	2020-02-05 23:48:46 -0500	github.com/cedricwtkUQAM/inf3135-h2020-tp1
0	0	0	2020-02-08 14:56:50 -0500	2020-02-08 15:10:49 -0500	2020-02-07 23:43:27 -0500	2020-02-07 23:43:27 -0500	2020-02-07 23:43:27 -0500	github.com/michaeluqam/inf3135-h2020-tp1
0	0	0	2020-02-07 12:06:42 -0500	2020-02-07 07:19:54 -0500	2020-02-07 07:16:52 -0500	2020-02-07 07:16:52 -0500	2020-02-07 07:16:52 -0500	github.com/chikhikamal/inf3135-h2020-tp1
0	1	0	2020-02-08 22:13:47 -0500	2020-02-08 22:09:52 -0500	2020-02-08 22:09:52 -0500	2020-02-06 00:56:13 -0500	2020-02-08 22:16:00 -0500	github.com/franksoua/inf3135-h2020-tp1
0	1	0						github.com/moulimane/inf3135-h2020-tp1
0	1	0	2020-02-08 19:10:18 -0500	2020-02-08 18:55:19 -0500	2020-02-08 05:23:46 -0500	2020-02-08 16:33:45 -0500	2020-02-08 05:23:46 -0500	github.com/krimo995/inf3135-h2020-tp1
0	0	0	2020-02-08 22:20:08 -0500	2020-02-08 22:20:08 -0500	2020-02-06 19:12:57 -0500	2020-01-30 15:54:28 -0500	2020-02-08 22:20:08 -0500	github.com/Eben99/inf3135-h2020-tp1
0	0	0	2020-02-05 09:30:13 -0500	2020-02-04 14:48:15 -0500	2020-02-04 11:41:16 -0500	2020-02-04 11:41:16 -0500	2020-02-04 14:48:15 -0500	github.com/MaximCrudu/inf3135-h2020-tp1
0	0	0	2020-02-07 14:34:12 -0500	2020-02-07 14:26:01 -0500	2020-02-07 14:26:01 -0500	2020-02-03 18:05:29 -0500	2020-02-07 14:26:01 -0500	github.com/ceaumo/inf3135-h2020-tp1
0	0	0	2020-02-06 10:49:49 -0500	2020-02-06 10:49:49 -0500	2020-02-06 10:49:49 -0500	2020-02-06 10:49:49 -0500	2020-02-06 10:49:49 -0500	github.com/ricardoDeMedeiros/inf3135-h2020-tp1
0	0	0	2020-02-03 23:52:00 -0500		2020-02-03 23:08:06 -0500	2020-02-03 23:48:04 -0500	2020-02-03 23:08:06 -0500	github.com/MoonscriB/inf3135-h2020-tp1
0	0	0	2020-02-08 09:19:51 -0500	2020-02-08 08:58:54 -0500	2020-02-07 15:03:13 -0500		2020-02-07 12:11:14 -0500	github.com/JeremyDionneNadeau/inf3135-h2020-tp1
0	1	0	2020-02-08 17:13:10 -0500		2020-02-08 16:59:21 -0500	2020-02-07 17:33:27 -0500	2020-02-07 18:01:30 -0500	github.com/af491086/inf3135-h2020-tp1
0	0	0	2020-02-08 03:18:07 -0500	2020-02-04 05:59:43 -0500	2020-02-05 05:07:57 -0500	2020-01-31 04:07:53 -0500	2020-02-07 06:40:20 -0500	github.com/Sami-2016/inf3135-h2020-tp1
0	0	0	2020-02-08 20:19:09 -0500	2020-02-08 20:22:43 -0500	2020-02-08 01:06:03 -0500	2020-02-03 12:14:02 -0500	2020-02-07 23:56:29 -0500	github.com/djamz47/inf3135-h2020-tp1
0	1	0	2020-02-08 22:46:09 -0500	2020-02-08 22:46:09 -0500	2020-02-08 22:22:47 -0500	2020-02-07 23:37:20 -0500	2020-02-08 22:22:47 -0500	github.com/ac191063/inf3135-h2020-tp1
0	0	0	2020-02-08 22:45:36 -0500	2020-02-08 22:25:32 -0500	2020-02-07 23:44:54 -0500	2020-02-07 23:27:34 -0500	2020-02-07 23:46:03 -0500	github.com/samueluqam/inf3135-h2020-tp1
0	0	0	2020-02-07 23:16:16 -0500	2020-02-07 22:56:07 -0500	2020-02-07 22:56:07 -0500	2020-02-07 22:56:07 -0500	2020-02-07 22:56:07 -0500	github.com/wchretien/inf3135-h2020-tp1
0	0	0	2020-02-08 20:37:57 -0500	2020-02-08 20:37:57 -0500	2020-02-08 22:41:20 -0500	2020-02-04 18:46:35 -0500		github.com/Beva-Lwash/inf3135-h2020-tp1
0	0	0	2020-02-08 19:35:12 -0500	2020-02-08 18:56:47 -0500	2020-02-08 18:56:47 -0500	2020-01-20 14:02:06 -0500	2020-02-08 18:56:47 -0500	github.com/CorneilleFrejus/inf3135-h2020-tp1
0	1	0	2020-02-07 20:57:15 -0600	2020-01-30 15:02:31 -0500	2020-01-31 17:22:36 -0600	2020-02-02 16:27:33 -0600	2020-02-02 16:08:51 -0600	github.com/leopoldmaillard/inf3135-h2020-tp1
0	0	0	2020-02-08 18:24:05 -0500	2020-02-08 14:08:45 -0500	2020-02-08 14:08:45 -0500	2020-02-08 14:08:45 -0500	2020-02-08 14:08:45 -0500	github.com/ardofall/inf3135-h2020-tp1
0	1	0	2020-02-08 15:37:17 -0500	2020-02-07 22:16:13 -0500	2020-02-08 15:18:40 -0500	2020-02-07 18:17:49 -0500	2020-02-07 22:16:13 -0500	github.com/hugodupont/inf3135-h2020-tp1
0	0	0	2020-02-08 18:22:24 -0500	2020-02-08 18:22:24 -0500	2020-02-08 18:22:24 -0500	2020-01-30 15:41:47 -0500	2020-02-08 18:22:24 -0500	github.com/momo-dkt/inf3135-h2020-tp1
0	0	0			2020-01-29 09:50:52 -0500	2020-01-28 10:34:53 -0500	2020-01-28 10:10:37 -0500	github.com/hydraslahir/inf3135-h2020-tp1
0	0	0	2020-02-08 22:43:34 -0500	2020-02-08 20:05:56 -0500	2020-02-08 20:05:56 -0500	2020-02-08 20:05:56 -0500	2020-02-08 20:05:56 -0500	github.com/jloga12/inf3135-h2020-tp1
0	0	0	2020-02-07 16:08:04 -0500	2020-02-07 19:17:36 -0500	2020-02-07 19:18:42 -0500	2020-02-07 16:32:18 -0500	2020-02-07 16:31:44 -0500	github.com/ArielleSadeu/inf3135-h2020-tp1
# de depot :72

erreur :
128: Le nom du projet est errone ou inexistant.
  1: You are not allowed to push into this branch. *Droits d'ecriture dans la branch master.*
